d:\github\lab-nov-parprog\src\parprog\debug\vc120.pdb
d:\github\lab-nov-parprog\src\parprog\debug\vc120.idb
d:\github\lab-nov-parprog\src\parprog\debug\afg5c_c.obj
d:\github\lab-nov-parprog\src\parprog\debug\aig4c_c.obj
d:\github\lab-nov-parprog\src\parprog\debug\am11c_c.obj
d:\github\lab-nov-parprog\src\parprog\debug\am11d.obj
d:\github\lab-nov-parprog\src\parprog\debug\functions.obj
d:\github\lab-nov-parprog\src\parprog\debug\parprog.obj
d:\github\lab-nov-parprog\src\parprog\debug\utafsi_c.obj
d:\github\lab-nov-parprog\src\debug\parprog.ilk
d:\github\lab-nov-parprog\src\debug\parprog.exe
d:\github\lab-nov-parprog\src\debug\parprog.pdb
d:\github\lab-nov-parprog\src\parprog\debug\parprog.res
d:\github\lab-nov-parprog\src\parprog\debug\parprog.tlog\cl.command.1.tlog
d:\github\lab-nov-parprog\src\parprog\debug\parprog.tlog\cl.read.1.tlog
d:\github\lab-nov-parprog\src\parprog\debug\parprog.tlog\cl.write.1.tlog
d:\github\lab-nov-parprog\src\parprog\debug\parprog.tlog\link.command.1.tlog
d:\github\lab-nov-parprog\src\parprog\debug\parprog.tlog\link.read.1.tlog
d:\github\lab-nov-parprog\src\parprog\debug\parprog.tlog\link.write.1.tlog
d:\github\lab-nov-parprog\src\parprog\debug\parprog.tlog\rc.command.1.tlog
d:\github\lab-nov-parprog\src\parprog\debug\parprog.tlog\rc.read.1.tlog
d:\github\lab-nov-parprog\src\parprog\debug\parprog.tlog\rc.write.1.tlog
